#
# A fatal error has been detected by the Java Runtime Environment:
#
#  EXCEPTION_ACCESS_VIOLATION (0xc0000005) at pc=0x00007ffa7f80f78d, pid=4960, tid=7808
#
# JRE version: OpenJDK Runtime Environment Microsoft-40648 (11.0.16.1+1) (build 11.0.16.1+1-LTS)
# Java VM: OpenJDK 64-Bit Server VM Microsoft-40648 (11.0.16.1+1-LTS, mixed mode, tiered, compressed oops, g1 gc, windows-amd64)
# Problematic frame:
# V  [jvm.dll+0x52f78d]
#
# No core dump will be written. Minidumps are not enabled by default on client versions of Windows
#
# If you would like to submit a bug report, please visit:
#   https://github.com/microsoft/openjdk/issues
#

---------------  S U M M A R Y ------------

Command Line: -XX:MaxPermSize=2048m -XX:+HeapDumpOnOutOfMemoryError --add-opens=java.base/java.util=ALL-UNNAMED --add-opens=java.base/java.lang=ALL-UNNAMED --add-opens=java.base/java.lang.invoke=ALL-UNNAMED --add-opens=java.base/java.util=ALL-UNNAMED --add-opens=java.prefs/java.util.prefs=ALL-UNNAMED --add-opens=java.prefs/java.util.prefs=ALL-UNNAMED --add-opens=java.base/java.nio.charset=ALL-UNNAMED --add-opens=java.base/java.net=ALL-UNNAMED --add-opens=java.base/java.util.concurrent.atomic=ALL-UNNAMED -Xmx4g -Dfile.encoding=UTF-8 -Duser.country=US -Duser.language=en -Duser.variant org.gradle.launcher.daemon.bootstrap.GradleDaemon 7.3.3

Host: Intel(R) Core(TM) i5-3427U CPU @ 1.80GHz, 4 cores, 7G,  Windows 11 , 64 bit Build 22000 (10.0.22000.2003)
Time: Fri Jul 28 15:26:15 2023 Pakistan Standard Time elapsed time: 5.376581 seconds (0d 0h 0m 5s)

---------------  T H R E A D  ---------------

Current thread (0x0000027fffde6800):  JavaThread "C2 CompilerThread1" daemon [_thread_in_native, id=7808, stack(0x000000a8ebf00000,0x000000a8ec000000)]


Current CompileTask:
C2:   5376 2590  s!   4       jdk.internal.loader.URLClassPath::getLoader (194 bytes)

Stack: [0x000000a8ebf00000,0x000000a8ec000000],  sp=0x000000a8ebffb740,  free space=1005k
Native frames: (J=compiled Java code, j=interpreted, Vv=VM code, C=native code)
V  [jvm.dll+0x52f78d]
V  [jvm.dll+0x52ebd0]
V  [jvm.dll+0x208866]
V  [jvm.dll+0x20a65c]
V  [jvm.dll+0x207fdb]
V  [jvm.dll+0x18a411]
V  [jvm.dll+0x217954]
V  [jvm.dll+0x215b9b]
V  [jvm.dll+0x775d50]
V  [jvm.dll+0x76ec84]
V  [jvm.dll+0x625395]
C  [ucrtbase.dll+0x26c0c]
C  [KERNEL32.DLL+0x155a0]
C  [ntdll.dll+0x485b]


siginfo: EXCEPTION_ACCESS_VIOLATION (0xc0000005), reading address 0x0000000000000000


Register to memory mapping:

RIP=0x00007ffa7f80f78d jvm.dll
RAX=0x0 is NULL
RBX=0x0000027fffd28198 points into unknown readable memory: 0x0000000000000000 | 00 00 00 00 00 00 00 00
RCX=0x0 is NULL
RDX=0x0000000000200000 is an unknown value
RSP=0x000000a8ebffb740 is pointing into the stack for thread: 0x0000027fffde6800
RBP=0x000000a8ebffb8b0 is pointing into the stack for thread: 0x0000027fffde6800
RSI=0x0 is NULL
RDI=0x000000a8ebffb870 is pointing into the stack for thread: 0x0000027fffde6800
R8 =0x000000000000000e is an unknown value
R9 =0x000000a8ebffd1e0 is pointing into the stack for thread: 0x0000027fffde6800
R10=0xfefefefefefefeff is an unknown value
R11=0x8080808080808080 is an unknown value
R12=0x000000a8ebffb800 is pointing into the stack for thread: 0x0000027fffde6800
R13=0x000000a8ebffb7e0 is pointing into the stack for thread: 0x0000027fffde6800
R14=0x000000000000001a is an unknown value
R15=0x0000027f94911108 points into unknown readable memory: 0x00007ffa7fb78000 | 00 80 b7 7f fa 7f 00 00


Registers:
RAX=0x0000000000000000, RBX=0x0000027fffd28198, RCX=0x0000000000000000, RDX=0x0000000000200000
RSP=0x000000a8ebffb740, RBP=0x000000a8ebffb8b0, RSI=0x0000000000000000, RDI=0x000000a8ebffb870
R8 =0x000000000000000e, R9 =0x000000a8ebffd1e0, R10=0xfefefefefefefeff, R11=0x8080808080808080
R12=0x000000a8ebffb800, R13=0x000000a8ebffb7e0, R14=0x000000000000001a, R15=0x0000027f94911108
RIP=0x00007ffa7f80f78d, EFLAGS=0x0000000000010206

Top of Stack: (sp=0x000000a8ebffb740)
0x000000a8ebffb740:   0000027f93aa4358 000000a8ebffb8b0
0x000000a8ebffb750:   0000000000000000 000000a8ebffb800
0x000000a8ebffb760:   0000000000000004 00007ffa7f8e3fef
0x000000a8ebffb770:   0000000000000000 0000000000000004
0x000000a8ebffb780:   0000027f950a1580 000000a8ebffb8b0
0x000000a8ebffb790:   0000027f961a9700 0000000000000000
0x000000a8ebffb7a0:   0000000000000001 00007ffa7f80ebd0
0x000000a8ebffb7b0:   000000a8ebffd1e0 000000a8ebffd1e0
0x000000a8ebffb7c0:   00000000000000e4 000000a8ebffb870
0x000000a8ebffb7d0:   0000027f94675a60 00000000000003ff
0x000000a8ebffb7e0:   0000027f961a97b0 0000027f00001000
0x000000a8ebffb7f0:   0000027f95d6da00 0000000000000001
0x000000a8ebffb800:   00007ffa7fbed948 0000027f961a97b0
0x000000a8ebffb810:   0000027f00000100 0000027f93b8ee60
0x000000a8ebffb820:   0000027f958eaec8 0000027f961a97b0
0x000000a8ebffb830:   0000027f94675a70 00000000000602c0 

Instructions: (pc=0x00007ffa7f80f78d)
0x00007ffa7f80f68d:   c9 85 c0 0f 84 5c 02 00 00 48 89 5c 24 78 48 89
0x00007ffa7f80f69d:   6c 24 48 48 89 74 24 40 4c 89 74 24 38 4c 89 7c
0x00007ffa7f80f6ad:   24 30 90 ff c8 41 89 45 18 8b c8 49 8b 45 10 4c
0x00007ffa7f80f6bd:   8b 3c c8 41 8b 4f 28 8b c1 c1 e8 05 41 3b 44 24
0x00007ffa7f80f6cd:   10 72 13 49 8b 04 24 8b d1 49 8b cc ff 50 18 4c
0x00007ffa7f80f6dd:   8b 4c 24 70 eb 2a 83 e1 1f 41 b8 01 00 00 00 41
0x00007ffa7f80f6ed:   d3 e0 8b c8 49 8b 44 24 18 48 8d 14 88 8b 0c 88
0x00007ffa7f80f6fd:   8b c1 41 0b c0 89 02 41 23 c8 0f 85 c0 01 00 00
0x00007ffa7f80f70d:   41 8b 4f 20 45 33 f6 89 8c 24 80 00 00 00 0f 1f
0x00007ffa7f80f71d:   44 00 00 44 3b f1 0f 83 74 01 00 00 49 8b 5f 10
0x00007ffa7f80f72d:   41 8b c6 41 ff c6 48 8b 1c c3 8b 43 28 41 3b 41
0x00007ffa7f80f73d:   28 73 0d 8b c8 49 8b 41 30 48 83 3c c8 00 75 3c
0x00007ffa7f80f74d:   48 83 7b 10 00 74 35 49 8d b1 b8 09 00 00 8b 6e
0x00007ffa7f80f75d:   18 8d 45 01 89 46 18 3b 6e 08 72 0f 8b d5 48 8b
0x00007ffa7f80f76d:   ce e8 cd 47 0d 00 4c 8b 4c 24 70 48 8b 46 10 8b
0x00007ffa7f80f77d:   8c 24 80 00 00 00 48 89 1c e8 eb 97 48 8b 43 08
0x00007ffa7f80f78d:   48 83 38 00 0f 84 89 00 00 00 48 8b 03 48 8b cb
0x00007ffa7f80f79d:   ff 50 10 84 c0 75 0a 8b 43 2c 83 e0 0f 3c 0c 75
0x00007ffa7f80f7ad:   6d 8b 4b 28 8b c1 c1 e8 05 41 3b 44 24 10 73 2a
0x00007ffa7f80f7bd:   4c 8b 4c 24 70 83 e1 1f 44 8b c0 ba 01 00 00 00
0x00007ffa7f80f7cd:   49 8b 44 24 18 d3 e2 8b 8c 24 80 00 00 00 42 8b
0x00007ffa7f80f7dd:   04 80 23 c2 0f 85 39 ff ff ff 41 8b 75 18 8d 46
0x00007ffa7f80f7ed:   01 41 89 45 18 41 3b 75 08 72 0a 8b d6 49 8b cd
0x00007ffa7f80f7fd:   e8 3e 47 0d 00 49 8b 45 10 8b 8c 24 80 00 00 00
0x00007ffa7f80f80d:   4c 8b 4c 24 70 48 89 1c f0 e9 05 ff ff ff 4c 8b
0x00007ffa7f80f81d:   4c 24 70 8b 4b 28 8b c1 c1 e8 05 41 3b 44 24 10
0x00007ffa7f80f82d:   72 0e 49 8b 04 24 8b d1 49 8b cc ff 50 18 eb 31
0x00007ffa7f80f83d:   83 e1 1f 41 b8 01 00 00 00 41 d3 e0 8b c8 49 8b
0x00007ffa7f80f84d:   44 24 18 48 8d 14 88 8b 0c 88 8b c1 41 0b c0 41
0x00007ffa7f80f85d:   23 c8 89 02 8b 8c 24 80 00 00 00 0f 85 b2 fe ff
0x00007ffa7f80f86d:   ff 48 83 07 10 48 8b 07 48 3b 47 08 72 0b 48 8b
0x00007ffa7f80f87d:   cf e8 9d 47 0d 00 48 8b 07 4c 8b 4c 24 70 4c 89 


Stack slot to memory mapping:
stack at sp + 0 slots: 0x0000027f93aa4358 points into unknown readable memory: 0x00007ffa7fb62588 | 88 25 b6 7f fa 7f 00 00
stack at sp + 1 slots: 0x000000a8ebffb8b0 is pointing into the stack for thread: 0x0000027fffde6800
stack at sp + 2 slots: 0x0 is NULL
stack at sp + 3 slots: 0x000000a8ebffb800 is pointing into the stack for thread: 0x0000027fffde6800
stack at sp + 4 slots: 0x0000000000000004 is an unknown value
stack at sp + 5 slots: 0x00007ffa7f8e3fef jvm.dll
stack at sp + 6 slots: 0x0 is NULL
stack at sp + 7 slots: 0x0000000000000004 is an unknown value


---------------  P R O C E S S  ---------------

Threads class SMR info:
_java_thread_list=0x0000027f988b2fd0, length=31, elements={
0x0000027fef69e000, 0x0000027fffb30800, 0x0000027fffb39000, 0x0000027fffb84800,
0x0000027fffb87800, 0x0000027fffb88800, 0x0000027fffb93800, 0x0000027fffb99000,
0x0000027fffb9c800, 0x0000027fffcf7000, 0x0000027f95437800, 0x0000027f949b4800,
0x0000027f95be6800, 0x0000027f94945800, 0x0000027f956e1800, 0x0000027f957ec000,
0x0000027fffde6800, 0x0000027f95b9e800, 0x0000027f956e4000, 0x0000027f95601800,
0x0000027f95c77800, 0x0000027f964b2000, 0x0000027f964b3000, 0x0000027f964b4800,
0x0000027f964b5000, 0x0000027f964b6000, 0x0000027f964b3800, 0x0000027f964b0800,
0x0000027f964b7000, 0x0000027f964b1000, 0x0000027f97160800
}

Java Threads: ( => current thread )
  0x0000027fef69e000 JavaThread "main" [_thread_blocked, id=5348, stack(0x000000a8ea600000,0x000000a8ea700000)]
  0x0000027fffb30800 JavaThread "Reference Handler" daemon [_thread_blocked, id=5100, stack(0x000000a8ead00000,0x000000a8eae00000)]
  0x0000027fffb39000 JavaThread "Finalizer" daemon [_thread_blocked, id=6180, stack(0x000000a8eae00000,0x000000a8eaf00000)]
  0x0000027fffb84800 JavaThread "Signal Dispatcher" daemon [_thread_blocked, id=9236, stack(0x000000a8eaf00000,0x000000a8eb000000)]
  0x0000027fffb87800 JavaThread "Attach Listener" daemon [_thread_blocked, id=1044, stack(0x000000a8eb000000,0x000000a8eb100000)]
  0x0000027fffb88800 JavaThread "Service Thread" daemon [_thread_blocked, id=8384, stack(0x000000a8eb100000,0x000000a8eb200000)]
  0x0000027fffb93800 JavaThread "C2 CompilerThread0" daemon [_thread_in_native, id=6896, stack(0x000000a8eb200000,0x000000a8eb300000)]
  0x0000027fffb99000 JavaThread "C1 CompilerThread0" daemon [_thread_blocked, id=7568, stack(0x000000a8eb300000,0x000000a8eb400000)]
  0x0000027fffb9c800 JavaThread "Sweeper thread" daemon [_thread_blocked, id=3832, stack(0x000000a8eb400000,0x000000a8eb500000)]
  0x0000027fffcf7000 JavaThread "Common-Cleaner" daemon [_thread_blocked, id=6944, stack(0x000000a8eb500000,0x000000a8eb600000)]
  0x0000027f95437800 JavaThread "Daemon health stats" [_thread_blocked, id=7720, stack(0x000000a8eba00000,0x000000a8ebb00000)]
  0x0000027f949b4800 JavaThread "Incoming local TCP Connector on port 49922" [_thread_in_native, id=3268, stack(0x000000a8eb700000,0x000000a8eb800000)]
  0x0000027f95be6800 JavaThread "Daemon periodic checks" [_thread_blocked, id=3772, stack(0x000000a8ebb00000,0x000000a8ebc00000)]
  0x0000027f94945800 JavaThread "Daemon" [_thread_blocked, id=828, stack(0x000000a8ebc00000,0x000000a8ebd00000)]
  0x0000027f956e1800 JavaThread "Handler for socket connection from /127.0.0.1:49922 to /127.0.0.1:49923" [_thread_in_native, id=1220, stack(0x000000a8ebd00000,0x000000a8ebe00000)]
  0x0000027f957ec000 JavaThread "Cancel handler" [_thread_blocked, id=2724, stack(0x000000a8ebe00000,0x000000a8ebf00000)]
=>0x0000027fffde6800 JavaThread "C2 CompilerThread1" daemon [_thread_in_native, id=7808, stack(0x000000a8ebf00000,0x000000a8ec000000)]
  0x0000027f95b9e800 JavaThread "Daemon worker" [_thread_in_Java, id=9328, stack(0x000000a8ec000000,0x000000a8ec100000)]
  0x0000027f956e4000 JavaThread "Asynchronous log dispatcher for DefaultDaemonConnection: socket connection from /127.0.0.1:49922 to /127.0.0.1:49923" [_thread_blocked, id=5812, stack(0x000000a8ec100000,0x000000a8ec200000)]
  0x0000027f95601800 JavaThread "Stdin handler" [_thread_blocked, id=5688, stack(0x000000a8ec200000,0x000000a8ec300000)]
  0x0000027f95c77800 JavaThread "Daemon client event forwarder" [_thread_blocked, id=4416, stack(0x000000a8ec300000,0x000000a8ec400000)]
  0x0000027f964b2000 JavaThread "Cache worker for journal cache (C:\Users\Engr. Ayan Murad\.gradle\caches\journal-1)" [_thread_blocked, id=3172, stack(0x000000a8ec500000,0x000000a8ec600000)]
  0x0000027f964b3000 JavaThread "File lock request listener" [_thread_in_native, id=8804, stack(0x000000a8ec600000,0x000000a8ec700000)]
  0x0000027f964b4800 JavaThread "Cache worker for file hash cache (C:\Users\Engr. Ayan Murad\.gradle\caches\7.3.3\fileHashes)" [_thread_blocked, id=3160, stack(0x000000a8ec700000,0x000000a8ec800000)]
  0x0000027f964b5000 JavaThread "Cache worker for file hash cache (E:\SC_projects\React-Native\Wareport\android\.gradle\7.3.3\fileHashes)" [_thread_blocked, id=2852, stack(0x000000a8ec800000,0x000000a8ec900000)]
  0x0000027f964b6000 JavaThread "File watcher server" daemon [_thread_in_native, id=9680, stack(0x000000a8ec900000,0x000000a8eca00000)]
  0x0000027f964b3800 JavaThread "File watcher consumer" daemon [_thread_blocked, id=2412, stack(0x000000a8eca00000,0x000000a8ecb00000)]
  0x0000027f964b0800 JavaThread "Cache worker for checksums cache (E:\SC_projects\React-Native\Wareport\android\.gradle\7.3.3\checksums)" [_thread_blocked, id=888, stack(0x000000a8ecb00000,0x000000a8ecc00000)]
  0x0000027f964b7000 JavaThread "Cache worker for cache directory md-supplier (C:\Users\Engr. Ayan Murad\.gradle\caches\7.3.3\md-supplier)" [_thread_blocked, id=9296, stack(0x000000a8ecc00000,0x000000a8ecd00000)]
  0x0000027f964b1000 JavaThread "Cache worker for cache directory md-rule (C:\Users\Engr. Ayan Murad\.gradle\caches\7.3.3\md-rule)" [_thread_blocked, id=6796, stack(0x000000a8ecd00000,0x000000a8ece00000)]
  0x0000027f97160800 JavaThread "Cache worker for execution history cache (C:\Users\Engr. Ayan Murad\.gradle\caches\7.3.3\executionHistory)" [_thread_blocked, id=1188, stack(0x000000a8ece00000,0x000000a8ecf00000)]

Other Threads:
  0x0000027fffafe800 VMThread "VM Thread" [stack: 0x000000a8eac00000,0x000000a8ead00000] [id=9968]
  0x0000027fffd10000 WatcherThread [stack: 0x000000a8eb600000,0x000000a8eb700000] [id=7256]
  0x0000027fef6b8000 GCTaskThread "GC Thread#0" [stack: 0x000000a8ea700000,0x000000a8ea800000] [id=6032]
  0x0000027f93f51000 GCTaskThread "GC Thread#1" [stack: 0x000000a8eb800000,0x000000a8eb900000] [id=7308]
  0x0000027f9398c800 GCTaskThread "GC Thread#2" [stack: 0x000000a8eb900000,0x000000a8eba00000] [id=6988]
  0x0000027f9555f000 GCTaskThread "GC Thread#3" [stack: 0x000000a8ec400000,0x000000a8ec500000] [id=3224]
  0x0000027fef715800 ConcurrentGCThread "G1 Main Marker" [stack: 0x000000a8ea800000,0x000000a8ea900000] [id=7360]
  0x0000027fef718800 ConcurrentGCThread "G1 Conc#0" [stack: 0x000000a8ea900000,0x000000a8eaa00000] [id=2808]
  0x0000027fef77d800 ConcurrentGCThread "G1 Refine#0" [stack: 0x000000a8eaa00000,0x000000a8eab00000] [id=7688]
  0x0000027fff96c800 ConcurrentGCThread "G1 Young RemSet Sampling" [stack: 0x000000a8eab00000,0x000000a8eac00000] [id=10176]

Threads with active compile tasks:
C2 CompilerThread0     5440 2669       4       java.util.stream.ReferencePipeline::forEachWithCancel (23 bytes)
C2 CompilerThread1     5440 2590  s!   4       jdk.internal.loader.URLClassPath::getLoader (194 bytes)

VM state:not at safepoint (normal execution)

VM Mutex/Monitor currently owned by a thread:  ([mutex/lock_event])
[0x0000027fef69b900] CompiledIC_lock - owner thread: 0x0000000000000000

Heap address: 0x0000000700000000, size: 4096 MB, Compressed Oops mode: Zero based, Oop shift amount: 3
Narrow klass base: 0x0000000800000000, Narrow klass shift: 0
Compressed class space size: 1073741824 Address: 0x0000000800000000

Heap:
 garbage-first heap   total 155648K, used 69237K [0x0000000700000000, 0x0000000800000000)
  region size 1024K, 53 young (54272K), 3 survivors (3072K)
 Metaspace       used 31796K, capacity 32522K, committed 32892K, reserved 1077248K
  class space    used 4157K, capacity 4435K, committed 4556K, reserved 1048576K
Heap Regions: E=young(eden), S=young(survivor), O=old, HS=humongous(starts), HC=humongous(continues), CS=collection set, F=free, A=archive, TAMS=top-at-mark-start (previous, next)
|   0|0x0000000700000000, 0x0000000700100000, 0x0000000700100000|100%|HS|  |TAMS 0x0000000700100000, 0x0000000700000000| Complete 
|   1|0x0000000700100000, 0x0000000700200000, 0x0000000700200000|100%|HC|  |TAMS 0x0000000700200000, 0x0000000700100000| Complete 
|   2|0x0000000700200000, 0x0000000700300000, 0x0000000700300000|100%|HC|  |TAMS 0x0000000700300000, 0x0000000700200000| Complete 
|   3|0x0000000700300000, 0x0000000700400000, 0x0000000700400000|100%| O|  |TAMS 0x0000000700400000, 0x0000000700300000| Untracked 
|   4|0x0000000700400000, 0x0000000700500000, 0x0000000700500000|100%| O|  |TAMS 0x0000000700500000, 0x0000000700400000| Untracked 
|   5|0x0000000700500000, 0x0000000700600000, 0x0000000700600000|100%| O|  |TAMS 0x0000000700600000, 0x0000000700500000| Untracked 
|   6|0x0000000700600000, 0x0000000700700000, 0x0000000700700000|100%| O|  |TAMS 0x0000000700700000, 0x0000000700600000| Untracked 
|   7|0x0000000700700000, 0x0000000700800000, 0x0000000700800000|100%| O|  |TAMS 0x0000000700800000, 0x0000000700700000| Untracked 
|   8|0x0000000700800000, 0x0000000700900000, 0x0000000700900000|100%| O|  |TAMS 0x0000000700900000, 0x0000000700800000| Untracked 
|   9|0x0000000700900000, 0x0000000700a00000, 0x0000000700a00000|100%| O|  |TAMS 0x0000000700a00000, 0x0000000700900000| Untracked 
|  10|0x0000000700a00000, 0x0000000700b00000, 0x0000000700b00000|100%| O|  |TAMS 0x0000000700b00000, 0x0000000700a00000| Untracked 
|  11|0x0000000700b00000, 0x0000000700c00000, 0x0000000700c00000|100%| O|  |TAMS 0x0000000700c00000, 0x0000000700b00000| Untracked 
|  12|0x0000000700c00000, 0x0000000700d00000, 0x0000000700d00000|100%| O|  |TAMS 0x0000000700d00000, 0x0000000700c00000| Untracked 
|  13|0x0000000700d00000, 0x0000000700e00000, 0x0000000700e00000|100%| O|  |TAMS 0x0000000700e00000, 0x0000000700d00000| Untracked 
|  14|0x0000000700e00000, 0x0000000700f00000, 0x0000000700f00000|100%| O|  |TAMS 0x0000000700f00000, 0x0000000700e00000| Untracked 
|  15|0x0000000700f00000, 0x0000000700fbc200, 0x0000000701000000| 73%| O|  |TAMS 0x0000000700fbc200, 0x0000000700f00000| Untracked 
|  16|0x0000000701000000, 0x0000000701000000, 0x0000000701100000|  0%| F|  |TAMS 0x0000000701000000, 0x0000000701000000| Untracked 
|  17|0x0000000701100000, 0x0000000701100000, 0x0000000701200000|  0%| F|  |TAMS 0x0000000701100000, 0x0000000701100000| Untracked 
|  18|0x0000000701200000, 0x0000000701200000, 0x0000000701300000|  0%| F|  |TAMS 0x0000000701200000, 0x0000000701200000| Untracked 
|  19|0x0000000701300000, 0x0000000701300000, 0x0000000701400000|  0%| F|  |TAMS 0x0000000701300000, 0x0000000701300000| Untracked 
|  20|0x0000000701400000, 0x0000000701400000, 0x0000000701500000|  0%| F|  |TAMS 0x0000000701400000, 0x0000000701400000| Untracked 
|  21|0x0000000701500000, 0x0000000701500000, 0x0000000701600000|  0%| F|  |TAMS 0x0000000701500000, 0x0000000701500000| Untracked 
|  22|0x0000000701600000, 0x0000000701600000, 0x0000000701700000|  0%| F|  |TAMS 0x0000000701600000, 0x0000000701600000| Untracked 
|  23|0x0000000701700000, 0x0000000701700000, 0x0000000701800000|  0%| F|  |TAMS 0x0000000701700000, 0x0000000701700000| Untracked 
|  24|0x0000000701800000, 0x0000000701800000, 0x0000000701900000|  0%| F|  |TAMS 0x0000000701800000, 0x0000000701800000| Untracked 
|  25|0x0000000701900000, 0x0000000701900000, 0x0000000701a00000|  0%| F|  |TAMS 0x0000000701900000, 0x0000000701900000| Untracked 
|  26|0x0000000701a00000, 0x0000000701a00000, 0x0000000701b00000|  0%| F|  |TAMS 0x0000000701a00000, 0x0000000701a00000| Untracked 
|  27|0x0000000701b00000, 0x0000000701b00000, 0x0000000701c00000|  0%| F|  |TAMS 0x0000000701b00000, 0x0000000701b00000| Untracked 
|  28|0x0000000701c00000, 0x0000000701c00000, 0x0000000701d00000|  0%| F|  |TAMS 0x0000000701c00000, 0x0000000701c00000| Untracked 
|  29|0x0000000701d00000, 0x0000000701d00000, 0x0000000701e00000|  0%| F|  |TAMS 0x0000000701d00000, 0x0000000701d00000| Untracked 
|  30|0x0000000701e00000, 0x0000000701e00000, 0x0000000701f00000|  0%| F|  |TAMS 0x0000000701e00000, 0x0000000701e00000| Untracked 
|  31|0x0000000701f00000, 0x0000000701f00000, 0x0000000702000000|  0%| F|  |TAMS 0x0000000701f00000, 0x0000000701f00000| Untracked 
|  32|0x0000000702000000, 0x0000000702000000, 0x0000000702100000|  0%| F|  |TAMS 0x0000000702000000, 0x0000000702000000| Untracked 
|  33|0x0000000702100000, 0x0000000702100000, 0x0000000702200000|  0%| F|  |TAMS 0x0000000702100000, 0x0000000702100000| Untracked 
|  34|0x0000000702200000, 0x0000000702200000, 0x0000000702300000|  0%| F|  |TAMS 0x0000000702200000, 0x0000000702200000| Untracked 
|  35|0x0000000702300000, 0x0000000702300000, 0x0000000702400000|  0%| F|  |TAMS 0x0000000702300000, 0x0000000702300000| Untracked 
|  36|0x0000000702400000, 0x0000000702400000, 0x0000000702500000|  0%| F|  |TAMS 0x0000000702400000, 0x0000000702400000| Untracked 
|  37|0x0000000702500000, 0x0000000702500000, 0x0000000702600000|  0%| F|  |TAMS 0x0000000702500000, 0x0000000702500000| Untracked 
|  38|0x0000000702600000, 0x0000000702600000, 0x0000000702700000|  0%| F|  |TAMS 0x0000000702600000, 0x0000000702600000| Untracked 
|  39|0x0000000702700000, 0x0000000702700000, 0x0000000702800000|  0%| F|  |TAMS 0x0000000702700000, 0x0000000702700000| Untracked 
|  40|0x0000000702800000, 0x0000000702800000, 0x0000000702900000|  0%| F|  |TAMS 0x0000000702800000, 0x0000000702800000| Untracked 
|  41|0x0000000702900000, 0x0000000702900000, 0x0000000702a00000|  0%| F|  |TAMS 0x0000000702900000, 0x0000000702900000| Untracked 
|  42|0x0000000702a00000, 0x0000000702a00000, 0x0000000702b00000|  0%| F|  |TAMS 0x0000000702a00000, 0x0000000702a00000| Untracked 
|  43|0x0000000702b00000, 0x0000000702b00000, 0x0000000702c00000|  0%| F|  |TAMS 0x0000000702b00000, 0x0000000702b00000| Untracked 
|  44|0x0000000702c00000, 0x0000000702c00000, 0x0000000702d00000|  0%| F|  |TAMS 0x0000000702c00000, 0x0000000702c00000| Untracked 
|  45|0x0000000702d00000, 0x0000000702d00000, 0x0000000702e00000|  0%| F|  |TAMS 0x0000000702d00000, 0x0000000702d00000| Untracked 
|  46|0x0000000702e00000, 0x0000000702e00000, 0x0000000702f00000|  0%| F|  |TAMS 0x0000000702e00000, 0x0000000702e00000| Untracked 
|  47|0x0000000702f00000, 0x0000000702f00000, 0x0000000703000000|  0%| F|  |TAMS 0x0000000702f00000, 0x0000000702f00000| Untracked 
|  48|0x0000000703000000, 0x0000000703000000, 0x0000000703100000|  0%| F|  |TAMS 0x0000000703000000, 0x0000000703000000| Untracked 
|  49|0x0000000703100000, 0x0000000703100000, 0x0000000703200000|  0%| F|  |TAMS 0x0000000703100000, 0x0000000703100000| Untracked 
|  50|0x0000000703200000, 0x0000000703200000, 0x0000000703300000|  0%| F|  |TAMS 0x0000000703200000, 0x0000000703200000| Untracked 
|  51|0x0000000703300000, 0x0000000703300000, 0x0000000703400000|  0%| F|  |TAMS 0x0000000703300000, 0x0000000703300000| Untracked 
|  52|0x0000000703400000, 0x0000000703400000, 0x0000000703500000|  0%| F|  |TAMS 0x0000000703400000, 0x0000000703400000| Untracked 
|  53|0x0000000703500000, 0x0000000703500000, 0x0000000703600000|  0%| F|  |TAMS 0x0000000703500000, 0x0000000703500000| Untracked 
|  54|0x0000000703600000, 0x0000000703600000, 0x0000000703700000|  0%| F|  |TAMS 0x0000000703600000, 0x0000000703600000| Untracked 
|  55|0x0000000703700000, 0x0000000703700000, 0x0000000703800000|  0%| F|  |TAMS 0x0000000703700000, 0x0000000703700000| Untracked 
|  56|0x0000000703800000, 0x0000000703800000, 0x0000000703900000|  0%| F|  |TAMS 0x0000000703800000, 0x0000000703800000| Untracked 
|  57|0x0000000703900000, 0x0000000703900000, 0x0000000703a00000|  0%| F|  |TAMS 0x0000000703900000, 0x0000000703900000| Untracked 
|  58|0x0000000703a00000, 0x0000000703a00000, 0x0000000703b00000|  0%| F|  |TAMS 0x0000000703a00000, 0x0000000703a00000| Untracked 
|  59|0x0000000703b00000, 0x0000000703b00000, 0x0000000703c00000|  0%| F|  |TAMS 0x0000000703b00000, 0x0000000703b00000| Untracked 
|  60|0x0000000703c00000, 0x0000000703c00000, 0x0000000703d00000|  0%| F|  |TAMS 0x0000000703c00000, 0x0000000703c00000| Untracked 
|  61|0x0000000703d00000, 0x0000000703d00000, 0x0000000703e00000|  0%| F|  |TAMS 0x0000000703d00000, 0x0000000703d00000| Untracked 
|  62|0x0000000703e00000, 0x0000000703e00000, 0x0000000703f00000|  0%| F|  |TAMS 0x0000000703e00000, 0x0000000703e00000| Untracked 
|  63|0x0000000703f00000, 0x0000000703f00000, 0x0000000704000000|  0%| F|  |TAMS 0x0000000703f00000, 0x0000000703f00000| Untracked 
|  64|0x0000000704000000, 0x0000000704000000, 0x0000000704100000|  0%| F|  |TAMS 0x0000000704000000, 0x0000000704000000| Untracked 
|  65|0x0000000704100000, 0x0000000704100000, 0x0000000704200000|  0%| F|  |TAMS 0x0000000704100000, 0x0000000704100000| Untracked 
|  66|0x0000000704200000, 0x0000000704200000, 0x0000000704300000|  0%| F|  |TAMS 0x0000000704200000, 0x0000000704200000| Untracked 
|  67|0x0000000704300000, 0x0000000704300000, 0x0000000704400000|  0%| F|  |TAMS 0x0000000704300000, 0x0000000704300000| Untracked 
|  68|0x0000000704400000, 0x0000000704400000, 0x0000000704500000|  0%| F|  |TAMS 0x0000000704400000, 0x0000000704400000| Untracked 
|  69|0x0000000704500000, 0x0000000704500000, 0x0000000704600000|  0%| F|  |TAMS 0x0000000704500000, 0x0000000704500000| Untracked 
|  70|0x0000000704600000, 0x0000000704600000, 0x0000000704700000|  0%| F|  |TAMS 0x0000000704600000, 0x0000000704600000| Untracked 
|  71|0x0000000704700000, 0x0000000704700000, 0x0000000704800000|  0%| F|  |TAMS 0x0000000704700000, 0x0000000704700000| Untracked 
|  72|0x0000000704800000, 0x0000000704800000, 0x0000000704900000|  0%| F|  |TAMS 0x0000000704800000, 0x0000000704800000| Untracked 
|  73|0x0000000704900000, 0x0000000704900000, 0x0000000704a00000|  0%| F|  |TAMS 0x0000000704900000, 0x0000000704900000| Untracked 
|  74|0x0000000704a00000, 0x0000000704a00000, 0x0000000704b00000|  0%| F|  |TAMS 0x0000000704a00000, 0x0000000704a00000| Untracked 
|  75|0x0000000704b00000, 0x0000000704b00000, 0x0000000704c00000|  0%| F|  |TAMS 0x0000000704b00000, 0x0000000704b00000| Untracked 
|  76|0x0000000704c00000, 0x0000000704c00000, 0x0000000704d00000|  0%| F|  |TAMS 0x0000000704c00000, 0x0000000704c00000| Untracked 
|  77|0x0000000704d00000, 0x0000000704d00000, 0x0000000704e00000|  0%| F|  |TAMS 0x0000000704d00000, 0x0000000704d00000| Untracked 
|  78|0x0000000704e00000, 0x0000000704e00000, 0x0000000704f00000|  0%| F|  |TAMS 0x0000000704e00000, 0x0000000704e00000| Untracked 
|  79|0x0000000704f00000, 0x0000000704f00000, 0x0000000705000000|  0%| F|  |TAMS 0x0000000704f00000, 0x0000000704f00000| Untracked 
|  80|0x0000000705000000, 0x0000000705000000, 0x0000000705100000|  0%| F|  |TAMS 0x0000000705000000, 0x0000000705000000| Untracked 
|  81|0x0000000705100000, 0x0000000705100000, 0x0000000705200000|  0%| F|  |TAMS 0x0000000705100000, 0x0000000705100000| Untracked 
|  82|0x0000000705200000, 0x0000000705200000, 0x0000000705300000|  0%| F|  |TAMS 0x0000000705200000, 0x0000000705200000| Untracked 
|  83|0x0000000705300000, 0x0000000705300000, 0x0000000705400000|  0%| F|  |TAMS 0x0000000705300000, 0x0000000705300000| Untracked 
|  84|0x0000000705400000, 0x0000000705400000, 0x0000000705500000|  0%| F|  |TAMS 0x0000000705400000, 0x0000000705400000| Untracked 
|  85|0x0000000705500000, 0x0000000705500000, 0x0000000705600000|  0%| F|  |TAMS 0x0000000705500000, 0x0000000705500000| Untracked 
|  86|0x0000000705600000, 0x0000000705600000, 0x0000000705700000|  0%| F|  |TAMS 0x0000000705600000, 0x0000000705600000| Untracked 
|  87|0x0000000705700000, 0x0000000705700000, 0x0000000705800000|  0%| F|  |TAMS 0x0000000705700000, 0x0000000705700000| Untracked 
|  88|0x0000000705800000, 0x0000000705800000, 0x0000000705900000|  0%| F|  |TAMS 0x0000000705800000, 0x0000000705800000| Untracked 
|  89|0x0000000705900000, 0x0000000705900000, 0x0000000705a00000|  0%| F|  |TAMS 0x0000000705900000, 0x0000000705900000| Untracked 
|  90|0x0000000705a00000, 0x0000000705a00000, 0x0000000705b00000|  0%| F|  |TAMS 0x0000000705a00000, 0x0000000705a00000| Untracked 
|  91|0x0000000705b00000, 0x0000000705b00000, 0x0000000705c00000|  0%| F|  |TAMS 0x0000000705b00000, 0x0000000705b00000| Untracked 
|  92|0x0000000705c00000, 0x0000000705c00000, 0x0000000705d00000|  0%| F|  |TAMS 0x0000000705c00000, 0x0000000705c00000| Untracked 
|  93|0x0000000705d00000, 0x0000000705d00000, 0x0000000705e00000|  0%| F|  |TAMS 0x0000000705d00000, 0x0000000705d00000| Untracked 
|  94|0x0000000705e00000, 0x0000000705e00000, 0x0000000705f00000|  0%| F|  |TAMS 0x0000000705e00000, 0x0000000705e00000| Untracked 
|  95|0x0000000705f00000, 0x0000000705fe1500, 0x0000000706000000| 88%| S|CS|TAMS 0x0000000705f00000, 0x0000000705f00000| Complete 
|  96|0x0000000706000000, 0x0000000706100000, 0x0000000706100000|100%| S|CS|TAMS 0x0000000706000000, 0x0000000706000000| Complete 
|  97|0x0000000706100000, 0x0000000706200000, 0x0000000706200000|100%| S|CS|TAMS 0x0000000706100000, 0x0000000706100000| Complete 
|  98|0x0000000706200000, 0x0000000706200000, 0x0000000706300000|  0%| F|  |TAMS 0x0000000706200000, 0x0000000706200000| Untracked 
|  99|0x0000000706300000, 0x0000000706300000, 0x0000000706400000|  0%| F|  |TAMS 0x0000000706300000, 0x0000000706300000| Untracked 
| 100|0x0000000706400000, 0x0000000706400000, 0x0000000706500000|  0%| F|  |TAMS 0x0000000706400000, 0x0000000706400000| Untracked 
| 101|0x0000000706500000, 0x0000000706580800, 0x0000000706600000| 50%| E|  |TAMS 0x0000000706500000, 0x0000000706500000| Complete 
| 102|0x0000000706600000, 0x0000000706700000, 0x0000000706700000|100%| E|CS|TAMS 0x0000000706600000, 0x0000000706600000| Complete 
| 103|0x0000000706700000, 0x0000000706800000, 0x0000000706800000|100%| E|CS|TAMS 0x0000000706700000, 0x0000000706700000| Complete 
| 104|0x0000000706800000, 0x0000000706900000, 0x0000000706900000|100%| E|CS|TAMS 0x0000000706800000, 0x0000000706800000| Complete 
| 105|0x0000000706900000, 0x0000000706a00000, 0x0000000706a00000|100%| E|CS|TAMS 0x0000000706900000, 0x0000000706900000| Complete 
| 106|0x0000000706a00000, 0x0000000706b00000, 0x0000000706b00000|100%| E|CS|TAMS 0x0000000706a00000, 0x0000000706a00000| Complete 
| 107|0x0000000706b00000, 0x0000000706c00000, 0x0000000706c00000|100%| E|CS|TAMS 0x0000000706b00000, 0x0000000706b00000| Complete 
| 108|0x0000000706c00000, 0x0000000706d00000, 0x0000000706d00000|100%| E|CS|TAMS 0x0000000706c00000, 0x0000000706c00000| Complete 
| 109|0x0000000706d00000, 0x0000000706e00000, 0x0000000706e00000|100%| E|CS|TAMS 0x0000000706d00000, 0x0000000706d00000| Complete 
| 110|0x0000000706e00000, 0x0000000706f00000, 0x0000000706f00000|100%| E|CS|TAMS 0x0000000706e00000, 0x0000000706e00000| Complete 
| 111|0x0000000706f00000, 0x0000000707000000, 0x0000000707000000|100%| E|CS|TAMS 0x0000000706f00000, 0x0000000706f00000| Complete 
| 112|0x0000000707000000, 0x0000000707100000, 0x0000000707100000|100%| E|CS|TAMS 0x0000000707000000, 0x0000000707000000| Complete 
| 113|0x0000000707100000, 0x0000000707200000, 0x0000000707200000|100%| E|CS|TAMS 0x0000000707100000, 0x0000000707100000| Complete 
| 114|0x0000000707200000, 0x0000000707300000, 0x0000000707300000|100%| E|CS|TAMS 0x0000000707200000, 0x0000000707200000| Complete 
| 115|0x0000000707300000, 0x0000000707400000, 0x0000000707400000|100%| E|CS|TAMS 0x0000000707300000, 0x0000000707300000| Complete 
| 116|0x0000000707400000, 0x0000000707500000, 0x0000000707500000|100%| E|CS|TAMS 0x0000000707400000, 0x0000000707400000| Complete 
| 117|0x0000000707500000, 0x0000000707600000, 0x0000000707600000|100%| E|CS|TAMS 0x0000000707500000, 0x0000000707500000| Complete 
| 118|0x0000000707600000, 0x0000000707700000, 0x0000000707700000|100%| E|CS|TAMS 0x0000000707600000, 0x0000000707600000| Complete 
| 119|0x0000000707700000, 0x0000000707800000, 0x0000000707800000|100%| E|CS|TAMS 0x0000000707700000, 0x0000000707700000| Complete 
| 120|0x0000000707800000, 0x0000000707900000, 0x0000000707900000|100%| E|CS|TAMS 0x0000000707800000, 0x0000000707800000| Complete 
| 121|0x0000000707900000, 0x0000000707a00000, 0x0000000707a00000|100%| E|CS|TAMS 0x0000000707900000, 0x0000000707900000| Complete 
| 122|0x0000000707a00000, 0x0000000707b00000, 0x0000000707b00000|100%| E|CS|TAMS 0x0000000707a00000, 0x0000000707a00000| Complete 
| 123|0x0000000707b00000, 0x0000000707c00000, 0x0000000707c00000|100%| E|CS|TAMS 0x0000000707b00000, 0x0000000707b00000| Complete 
| 124|0x0000000707c00000, 0x0000000707d00000, 0x0000000707d00000|100%| E|CS|TAMS 0x0000000707c00000, 0x0000000707c00000| Complete 
| 125|0x0000000707d00000, 0x0000000707e00000, 0x0000000707e00000|100%| E|CS|TAMS 0x0000000707d00000, 0x0000000707d00000| Complete 
| 126|0x0000000707e00000, 0x0000000707f00000, 0x0000000707f00000|100%| E|CS|TAMS 0x0000000707e00000, 0x0000000707e00000| Complete 
| 127|0x0000000707f00000, 0x0000000708000000, 0x0000000708000000|100%| E|CS|TAMS 0x0000000707f00000, 0x0000000707f00000| Complete 
| 128|0x0000000708000000, 0x0000000708100000, 0x0000000708100000|100%| E|CS|TAMS 0x0000000708000000, 0x0000000708000000| Complete 
| 129|0x0000000708100000, 0x0000000708200000, 0x0000000708200000|100%| E|CS|TAMS 0x0000000708100000, 0x0000000708100000| Complete 
| 130|0x0000000708200000, 0x0000000708300000, 0x0000000708300000|100%| E|CS|TAMS 0x0000000708200000, 0x0000000708200000| Complete 
| 131|0x0000000708300000, 0x0000000708400000, 0x0000000708400000|100%| E|CS|TAMS 0x0000000708300000, 0x0000000708300000| Complete 
| 132|0x0000000708400000, 0x0000000708500000, 0x0000000708500000|100%| E|CS|TAMS 0x0000000708400000, 0x0000000708400000| Complete 
| 133|0x0000000708500000, 0x0000000708600000, 0x0000000708600000|100%| E|CS|TAMS 0x0000000708500000, 0x0000000708500000| Complete 
| 134|0x0000000708600000, 0x0000000708700000, 0x0000000708700000|100%| E|CS|TAMS 0x0000000708600000, 0x0000000708600000| Complete 
| 135|0x0000000708700000, 0x0000000708800000, 0x0000000708800000|100%| E|CS|TAMS 0x0000000708700000, 0x0000000708700000| Complete 
| 136|0x0000000708800000, 0x0000000708900000, 0x0000000708900000|100%| E|CS|TAMS 0x0000000708800000, 0x0000000708800000| Complete 
| 137|0x0000000708900000, 0x0000000708a00000, 0x0000000708a00000|100%| E|CS|TAMS 0x0000000708900000, 0x0000000708900000| Complete 
| 138|0x0000000708a00000, 0x0000000708b00000, 0x0000000708b00000|100%| E|CS|TAMS 0x0000000708a00000, 0x0000000708a00000| Complete 
| 139|0x0000000708b00000, 0x0000000708c00000, 0x0000000708c00000|100%| E|CS|TAMS 0x0000000708b00000, 0x0000000708b00000| Complete 
| 140|0x0000000708c00000, 0x0000000708d00000, 0x0000000708d00000|100%| E|CS|TAMS 0x0000000708c00000, 0x0000000708c00000| Complete 
| 141|0x0000000708d00000, 0x0000000708e00000, 0x0000000708e00000|100%| E|CS|TAMS 0x0000000708d00000, 0x0000000708d00000| Complete 
| 142|0x0000000708e00000, 0x0000000708f00000, 0x0000000708f00000|100%| E|CS|TAMS 0x0000000708e00000, 0x0000000708e00000| Complete 
| 143|0x0000000708f00000, 0x0000000709000000, 0x0000000709000000|100%| E|CS|TAMS 0x0000000708f00000, 0x0000000708f00000| Complete 
| 144|0x0000000709000000, 0x0000000709100000, 0x0000000709100000|100%| E|CS|TAMS 0x0000000709000000, 0x0000000709000000| Complete 
| 145|0x0000000709100000, 0x0000000709200000, 0x0000000709200000|100%| E|CS|TAMS 0x0000000709100000, 0x0000000709100000| Complete 
| 146|0x0000000709200000, 0x0000000709300000, 0x0000000709300000|100%| E|CS|TAMS 0x0000000709200000, 0x0000000709200000| Complete 
| 147|0x0000000709300000, 0x0000000709400000, 0x0000000709400000|100%| E|CS|TAMS 0x0000000709300000, 0x0000000709300000| Complete 
| 148|0x0000000709400000, 0x0000000709500000, 0x0000000709500000|100%| E|CS|TAMS 0x0000000709400000, 0x0000000709400000| Complete 
| 149|0x0000000709500000, 0x0000000709600000, 0x0000000709600000|100%| E|CS|TAMS 0x0000000709500000, 0x0000000709500000| Complete 
| 150|0x0000000709600000, 0x0000000709700000, 0x0000000709700000|100%| E|CS|TAMS 0x0000000709600000, 0x0000000709600000| Complete 
| 151|0x0000000709700000, 0x0000000709800000, 0x0000000709800000|100%| E|CS|TAMS 0x0000000709700000, 0x0000000709700000| Complete 

Card table byte_map: [0x0000027ff8600000,0x0000027ff8e00000] _byte_map_base: 0x0000027ff4e00000

Marking Bits (Prev, Next): (CMBitMap*) 0x0000027fef704760, (CMBitMap*) 0x0000027fef704728
 Prev Bits: [0x0000027f8f000000, 0x0000027f93000000)
 Next Bits: [0x0000027ff9600000, 0x0000027ffd600000)

Polling page: 0x0000027fed6a0000

Metaspace:

Usage:
  Non-class:     27.45 MB capacity,    27.00 MB ( 98%) used,   387.77 KB (  1%) free+waste,    67.56 KB ( <1%) overhead. 
      Class:      4.34 MB capacity,     4.07 MB ( 94%) used,   247.45 KB (  6%) free+waste,    33.63 KB ( <1%) overhead. 
       Both:     31.79 MB capacity,    31.07 MB ( 98%) used,   635.22 KB (  2%) free+waste,   101.19 KB ( <1%) overhead. 

Virtual space:
  Non-class space:       28.00 MB reserved,      27.67 MB ( 99%) committed 
      Class space:        1.00 GB reserved,       4.45 MB ( <1%) committed 
             Both:        1.03 GB reserved,      32.12 MB (  3%) committed 

Chunk freelists:
   Non-Class:  0 bytes
       Class:  0 bytes
        Both:  0 bytes

MaxMetaspaceSize: 17179869184.00 GB
CompressedClassSpaceSize: 1.00 GB
Initial GC threshold: 20.80 MB
Current GC threshold: 35.20 MB
CDS: off

CodeHeap 'non-profiled nmethods': size=120064Kb used=1421Kb max_used=1421Kb free=118643Kb
 bounds [0x0000027f87ac0000, 0x0000027f87d30000, 0x0000027f8f000000]
CodeHeap 'profiled nmethods': size=120000Kb used=5809Kb max_used=5809Kb free=114190Kb
 bounds [0x0000027f80590000, 0x0000027f80b40000, 0x0000027f87ac0000]
CodeHeap 'non-nmethods': size=5696Kb used=1235Kb max_used=1268Kb free=4460Kb
 bounds [0x0000027f80000000, 0x0000027f80270000, 0x0000027f80590000]
 total_blobs=3179 nmethods=2668 adapters=423
 compilation: enabled
              stopped_count=0, restarted_count=0
 full_count=0

Compilation events (20 events):
Event: 5.359 Thread 0x0000027fffb99000 2596       3       java.util.ImmutableCollections$SetN::contains (26 bytes)
Event: 5.359 Thread 0x0000027fffb99000 nmethod 2596 0x0000027f80b1dc10 code [0x0000027f80b1dde0, 0x0000027f80b1e118]
Event: 5.359 Thread 0x0000027fffb99000 2597       3       jdk.internal.module.Builder::newRequires (7 bytes)
Event: 5.359 Thread 0x0000027fffb99000 nmethod 2597 0x0000027f80b1e210 code [0x0000027f80b1e3c0, 0x0000027f80b1e4c8]
Event: 5.359 Thread 0x0000027fffb99000 2598       3       jdk.internal.module.Builder::newRequires (51 bytes)
Event: 5.360 Thread 0x0000027fffb99000 nmethod 2598 0x0000027f80b1e590 code [0x0000027f80b1e7a0, 0x0000027f80b1edd8]
Event: 5.360 Thread 0x0000027fffb99000 2599       3       java.net.URI::hash (33 bytes)
Event: 5.361 Thread 0x0000027fffb99000 nmethod 2599 0x0000027f80b1f010 code [0x0000027f80b1f220, 0x0000027f80b1f698]
Event: 5.361 Thread 0x0000027fffb99000 2600       3       java.net.URI::toLower (19 bytes)
Event: 5.361 Thread 0x0000027fffb99000 nmethod 2600 0x0000027f80b1f890 code [0x0000027f80b1fa40, 0x0000027f80b1fbb8]
Event: 5.361 Thread 0x0000027fffb93800 2601       4       java.lang.invoke.MemberName::getReferenceKind (12 bytes)
Event: 5.361 Thread 0x0000027fffb93800 nmethod 2601 0x0000027f87c1de90 code [0x0000027f87c1e020, 0x0000027f87c1e098]
Event: 5.362 Thread 0x0000027fffb99000 2602       3       java.lang.invoke.InvokerBytecodeGenerator::isStaticallyNameable (148 bytes)
Event: 5.365 Thread 0x0000027fffb93800 2605       4       java.util.ImmutableCollections$SetN$SetNIterator::nextIndex (56 bytes)
Event: 5.366 Thread 0x0000027fffb93800 nmethod 2605 0x0000027f87c1e190 code [0x0000027f87c1e320, 0x0000027f87c1e3b8]
Event: 5.366 Thread 0x0000027fffb99000 nmethod 2602 0x0000027f80b1fc90 code [0x0000027f80b201a0, 0x0000027f80b229b8]
Event: 5.366 Thread 0x0000027fffb99000 2603       3       org.codehaus.groovy.vmplugin.v9.Java9$$Lambda$265/0x0000000800452840::accept (16 bytes)
Event: 5.366 Thread 0x0000027fffb99000 nmethod 2603 0x0000027f80b23510 code [0x0000027f80b236e0, 0x0000027f80b23928]
Event: 5.367 Thread 0x0000027fffb99000 2604       3       org.codehaus.groovy.vmplugin.v9.Java9::lambda$findConcealedAndExportedPackagesToOpen$6 (10 bytes)
Event: 5.367 Thread 0x0000027fffb99000 nmethod 2604 0x0000027f80b23a10 code [0x0000027f80b23bc0, 0x0000027f80b23d68]

GC Heap History (12 events):
Event: 0.700 GC heap before
{Heap before GC invocations=0 (full 0):
 garbage-first heap   total 129024K, used 16384K [0x0000000700000000, 0x0000000800000000)
  region size 1024K, 14 young (14336K), 0 survivors (0K)
 Metaspace       used 6799K, capacity 6985K, committed 7168K, reserved 1056768K
  class space    used 573K, capacity 650K, committed 768K, reserved 1048576K
}
Event: 0.705 GC heap after
{Heap after GC invocations=1 (full 0):
 garbage-first heap   total 129024K, used 4197K [0x0000000700000000, 0x0000000800000000)
  region size 1024K, 2 young (2048K), 2 survivors (2048K)
 Metaspace       used 6799K, capacity 6985K, committed 7168K, reserved 1056768K
  class space    used 573K, capacity 650K, committed 768K, reserved 1048576K
}
Event: 1.086 GC heap before
{Heap before GC invocations=1 (full 0):
 garbage-first heap   total 129024K, used 18533K [0x0000000700000000, 0x0000000800000000)
  region size 1024K, 13 young (13312K), 2 survivors (2048K)
 Metaspace       used 9903K, capacity 10178K, committed 10368K, reserved 1058816K
  class space    used 1010K, capacity 1102K, committed 1152K, reserved 1048576K
}
Event: 1.092 GC heap after
{Heap after GC invocations=2 (full 0):
 garbage-first heap   total 129024K, used 9286K [0x0000000700000000, 0x0000000800000000)
  region size 1024K, 2 young (2048K), 2 survivors (2048K)
 Metaspace       used 9903K, capacity 10178K, committed 10368K, reserved 1058816K
  class space    used 1010K, capacity 1102K, committed 1152K, reserved 1048576K
}
Event: 1.750 GC heap before
{Heap before GC invocations=2 (full 0):
 garbage-first heap   total 129024K, used 37958K [0x0000000700000000, 0x0000000800000000)
  region size 1024K, 29 young (29696K), 2 survivors (2048K)
 Metaspace       used 10916K, capacity 11133K, committed 11264K, reserved 1058816K
  class space    used 1112K, capacity 1207K, committed 1280K, reserved 1048576K
}
Event: 1.755 GC heap after
{Heap after GC invocations=3 (full 0):
 garbage-first heap   total 129024K, used 11621K [0x0000000700000000, 0x0000000800000000)
  region size 1024K, 4 young (4096K), 4 survivors (4096K)
 Metaspace       used 10916K, capacity 11133K, committed 11264K, reserved 1058816K
  class space    used 1112K, capacity 1207K, committed 1280K, reserved 1048576K
}
Event: 3.173 GC heap before
{Heap before GC invocations=3 (full 0):
 garbage-first heap   total 129024K, used 51557K [0x0000000700000000, 0x0000000800000000)
  region size 1024K, 43 young (44032K), 4 survivors (4096K)
 Metaspace       used 17597K, capacity 17932K, committed 18048K, reserved 1064960K
  class space    used 2047K, capacity 2176K, committed 2176K, reserved 1048576K
}
Event: 3.182 GC heap after
{Heap after GC invocations=4 (full 0):
 garbage-first heap   total 129024K, used 16062K [0x0000000700000000, 0x0000000800000000)
  region size 1024K, 6 young (6144K), 6 survivors (6144K)
 Metaspace       used 17597K, capacity 17932K, committed 18048K, reserved 1064960K
  class space    used 2047K, capacity 2176K, committed 2176K, reserved 1048576K
}
Event: 3.543 GC heap before
{Heap before GC invocations=4 (full 0):
 garbage-first heap   total 129024K, used 39614K [0x0000000700000000, 0x0000000800000000)
  region size 1024K, 30 young (30720K), 6 survivors (6144K)
 Metaspace       used 20799K, capacity 21215K, committed 21296K, reserved 1069056K
  class space    used 2493K, capacity 2657K, committed 2688K, reserved 1048576K
}
Event: 3.557 GC heap after
{Heap after GC invocations=5 (full 0):
 garbage-first heap   total 155648K, used 17044K [0x0000000700000000, 0x0000000800000000)
  region size 1024K, 1 young (1024K), 1 survivors (1024K)
 Metaspace       used 20799K, capacity 21215K, committed 21296K, reserved 1069056K
  class space    used 2493K, capacity 2657K, committed 2688K, reserved 1048576K
}
Event: 4.543 GC heap before
{Heap before GC invocations=6 (full 0):
 garbage-first heap   total 155648K, used 71316K [0x0000000700000000, 0x0000000800000000)
  region size 1024K, 54 young (55296K), 1 survivors (1024K)
 Metaspace       used 26459K, capacity 27036K, committed 27132K, reserved 1073152K
  class space    used 3381K, capacity 3604K, committed 3660K, reserved 1048576K
}
Event: 4.549 GC heap after
{Heap after GC invocations=7 (full 0):
 garbage-first heap   total 155648K, used 19061K [0x0000000700000000, 0x0000000800000000)
  region size 1024K, 3 young (3072K), 3 survivors (3072K)
 Metaspace       used 26459K, capacity 27036K, committed 27132K, reserved 1073152K
  class space    used 3381K, capacity 3604K, committed 3660K, reserved 1048576K
}

Deoptimization events (20 events):
Event: 4.302 Thread 0x0000027f95b9e800 DEOPT PACKING pc=0x0000027f87bddef8 sp=0x000000a8ec0fa400
Event: 4.302 Thread 0x0000027f95b9e800 DEOPT UNPACKING pc=0x0000027f8004a1af sp=0x000000a8ec0fa390 mode 2
Event: 4.530 Thread 0x0000027f95b9e800 Uncommon trap: trap_request=0xffffff4d fr.pc=0x0000027f87b43db4 relative=0x0000000000000494
Event: 4.530 Thread 0x0000027f95b9e800 Uncommon trap: reason=unstable_if action=reinterpret pc=0x0000027f87b43db4 method=java.util.Properties$LineReader.readLine()I @ 95 c2
Event: 4.530 Thread 0x0000027f95b9e800 DEOPT PACKING pc=0x0000027f87b43db4 sp=0x000000a8ec0fb670
Event: 4.530 Thread 0x0000027f95b9e800 DEOPT UNPACKING pc=0x0000027f8004a1af sp=0x000000a8ec0fb608 mode 2
Event: 4.537 Thread 0x0000027f95b9e800 Uncommon trap: trap_request=0xffffff4d fr.pc=0x0000027f87b5315c relative=0x00000000000011fc
Event: 4.537 Thread 0x0000027f95b9e800 Uncommon trap: reason=unstable_if action=reinterpret pc=0x0000027f87b5315c method=java.net.URI.quote(Ljava/lang/String;JJ)Ljava/lang/String; @ 183 c2
Event: 4.537 Thread 0x0000027f95b9e800 DEOPT PACKING pc=0x0000027f87b5315c sp=0x000000a8ec0fab90
Event: 4.537 Thread 0x0000027f95b9e800 DEOPT UNPACKING pc=0x0000027f8004a1af sp=0x000000a8ec0fab78 mode 2
Event: 4.774 Thread 0x0000027f95b9e800 Uncommon trap: trap_request=0xffffff4d fr.pc=0x0000027f87b8fce8 relative=0x0000000000000228
Event: 4.774 Thread 0x0000027f95b9e800 Uncommon trap: reason=unstable_if action=reinterpret pc=0x0000027f87b8fce8 method=java.util.HashMap.hash(Ljava/lang/Object;)I @ 1 c2
Event: 4.774 Thread 0x0000027f95b9e800 DEOPT PACKING pc=0x0000027f87b8fce8 sp=0x000000a8ec0f8ca0
Event: 4.774 Thread 0x0000027f95b9e800 DEOPT UNPACKING pc=0x0000027f8004a1af sp=0x000000a8ec0f8bd8 mode 2
Event: 5.133 Thread 0x0000027f95b9e800 DEOPT PACKING pc=0x0000027f809b3199 sp=0x000000a8ec0f8cb0
Event: 5.133 Thread 0x0000027f95b9e800 DEOPT UNPACKING pc=0x0000027f8004a95e sp=0x000000a8ec0f81f8 mode 0
Event: 5.211 Thread 0x0000027f95b9e800 Uncommon trap: trap_request=0xffffff4d fr.pc=0x0000027f87b9bec8 relative=0x0000000000000248
Event: 5.211 Thread 0x0000027f95b9e800 Uncommon trap: reason=unstable_if action=reinterpret pc=0x0000027f87b9bec8 method=java.util.HashMap.putVal(ILjava/lang/Object;Ljava/lang/Object;ZZ)Ljava/lang/Object; @ 162 c2
Event: 5.211 Thread 0x0000027f95b9e800 DEOPT PACKING pc=0x0000027f87b9bec8 sp=0x000000a8ec0fa810
Event: 5.211 Thread 0x0000027f95b9e800 DEOPT UNPACKING pc=0x0000027f8004a1af sp=0x000000a8ec0fa720 mode 2

Classes redefined (0 events):
No events

Internal exceptions (20 events):
Event: 4.349 Thread 0x0000027f95b9e800 Exception <a 'java/lang/NoSuchMethodError'{0x0000000706b4cbc0}: 'void java.lang.invoke.DirectMethodHandle$Holder.invokeStaticInit(java.lang.Object, java.lang.Object)'> (0x0000000706b4cbc0) thrown at [./src/hotspot/share/interpreter/linkResolver.cpp, line 773]
Event: 4.466 Thread 0x0000027f95b9e800 Exception <a 'java/lang/NoSuchMethodError'{0x00000007066f3a98}: 'void java.lang.invoke.DirectMethodHandle$Holder.invokeStatic(java.lang.Object, java.lang.Object, java.lang.Object, java.lang.Object)'> (0x00000007066f3a98) thrown at [./src/hotspot/share/interpreter/linkResolver.cpp, line 773]
Event: 4.473 Thread 0x0000027f95b9e800 Exception <a 'java/lang/NoSuchMethodError'{0x0000000706423f08}: 'java.lang.Object java.lang.invoke.DirectMethodHandle$Holder.invokeVirtual(java.lang.Object, java.lang.Object, java.lang.Object)'> (0x0000000706423f08) thrown at [./src/hotspot/share/interpreter/linkResolver.cpp, line 773]
Event: 4.477 Thread 0x0000027f95b9e800 Exception <a 'java/lang/NoSuchMethodError'{0x000000070644cd18}: 'int java.lang.invoke.DirectMethodHandle$Holder.invokeVirtual(java.lang.Object, java.lang.Object)'> (0x000000070644cd18) thrown at [./src/hotspot/share/interpreter/linkResolver.cpp, line 773]
Event: 4.494 Thread 0x0000027f95b9e800 Exception <a 'java/lang/NoSuchMethodError'{0x00000007064875c8}: 'int java.lang.invoke.DirectMethodHandle$Holder.invokeVirtual(java.lang.Object, java.lang.Object, java.lang.Object)'> (0x00000007064875c8) thrown at [./src/hotspot/share/interpreter/linkResolver.cpp, line 773]
Event: 4.524 Thread 0x0000027f95b9e800 Exception <a 'java/lang/NoSuchMethodError'{0x00000007063c14d8}: 'void java.lang.invoke.DirectMethodHandle$Holder.invokeSpecial(java.lang.Object, java.lang.Object)'> (0x00000007063c14d8) thrown at [./src/hotspot/share/interpreter/linkResolver.cpp, line 773]
Event: 4.537 Thread 0x0000027f95b9e800 Implicit null exception at 0x0000027f87b52320 to 0x0000027f87b5314a
Event: 4.640 Thread 0x0000027f95b9e800 Exception <a 'java/lang/NoSuchMethodError'{0x0000000708e07e98}: 'java.lang.Object java.lang.invoke.DirectMethodHandle$Holder.invokeSpecialIFC(java.lang.Object, java.lang.Object, java.lang.Object, java.lang.Object)'> (0x0000000708e07e98) thrown at [./src/hotspot/share/interpreter/linkResolver.cpp, line 773]
Event: 4.651 Thread 0x0000027f95b9e800 Exception <a 'java/lang/NoSuchMethodError'{0x0000000708ee3ec8}: 'java.lang.Object java.lang.invoke.DirectMethodHandle$Holder.invokeSpecial(java.lang.Object, java.lang.Object, java.lang.Object, java.lang.Object, java.lang.Object, java.lang.Object, java.lang.Object, java.lang.Object, java.lang.Object, java.lang.Object, java.lang.Object, java.lang.Object, java.lang.Object)'> (0x0000000708ee3ec8) thrown at [./src/hotspot/share/interpreter/linkResolver.cpp, line 773]
Event: 4.652 Thread 0x0000027f95b9e800 Exception <a 'java/lang/NoSuchMethodError'{0x0000000708ef4d28}: 'java.lang.Object java.lang.invoke.DirectMethodHandle$Holder.invokeSpecial(java.lang.Object, java.lang.Object, java.lang.Object, java.lang.Object, java.lang.Object, java.lang.Object, java.lang.Object, java.lang.Object, java.lang.Object, java.lang.Object, java.lang.Object, java.lang.Object)'> (0x0000000708ef4d28) thrown at [./src/hotspot/share/interpreter/linkResolver.cpp, line 773]
Event: 4.653 Thread 0x0000027f95b9e800 Exception <a 'java/lang/NoSuchMethodError'{0x0000000708ef9e50}: 'java.lang.Object java.lang.invoke.Invokers$Holder.linkToTargetMethod(java.lang.Object, java.lang.Object, java.lang.Object, java.lang.Object, java.lang.Object, java.lang.Object, java.lang.Object, java.lang.Object, java.lang.Object, java.lang.Object, java.lang.Object)'> (0x0000000708ef9e50) thrown at [./src/hotspot/share/interpreter/linkResolver.cpp, line 773]
Event: 4.663 Thread 0x0000027f95b9e800 Exception <a 'java/lang/NoSuchMethodError'{0x0000000708c3c1f0}: 'java.lang.Object java.lang.invoke.DirectMethodHandle$Holder.invokeSpecial(java.lang.Object, java.lang.Object, java.lang.Object, java.lang.Object, java.lang.Object, java.lang.Object, java.lang.Object, java.lang.Object, java.lang.Object, java.lang.Object, java.lang.Object, java.lang.Object, java.lang.Object, java.lang.Object)'> (0x0000000708c3c1f0) thrown at [./src/hotspot/share/interpreter/linkResolver.cpp, line 773]
Event: 4.663 Thread 0x0000027f95b9e800 Exception <a 'java/lang/NoSuchMethodError'{0x0000000708c4d868}: 'java.lang.Object java.lang.invoke.Invokers$Holder.linkToTargetMethod(java.lang.Object, java.lang.Object, java.lang.Object, java.lang.Object, java.lang.Object, java.lang.Object, java.lang.Object, java.lang.Object, java.lang.Object, java.lang.Object, java.lang.Object, java.lang.Object)'> (0x0000000708c4d868) thrown at [./src/hotspot/share/interpreter/linkResolver.cpp, line 773]
Event: 4.675 Thread 0x0000027f95b9e800 Exception <a 'java/lang/NoSuchMethodError'{0x0000000708b38740}: 'java.lang.Object java.lang.invoke.DirectMethodHandle$Holder.invokeStaticInit(java.lang.Object, java.lang.Object, java.lang.Object, java.lang.Object)'> (0x0000000708b38740) thrown at [./src/hotspot/share/interpreter/linkResolver.cpp, line 773]
Event: 4.774 Thread 0x0000027f95b9e800 Implicit null exception at 0x0000027f87b8faf5 to 0x0000027f87b8fcd8
Event: 4.998 Thread 0x0000027f95b9e800 Exception <a 'java/lang/NoSuchMethodError'{0x0000000707bc54f0}: 'java.lang.Object java.lang.invoke.Invokers$Holder.linkToTargetMethod(java.lang.Object, java.lang.Object, java.lang.Object, java.lang.Object, java.lang.Object, java.lang.Object, java.lang.Object, java.lang.Object)'> (0x0000000707bc54f0) thrown at [./src/hotspot/share/interpreter/linkResolver.cpp, line 773]
Event: 5.003 Thread 0x0000027f95b9e800 Exception <a 'java/lang/NoSuchMethodError'{0x0000000707a14988}: 'java.lang.Object java.lang.invoke.Invokers$Holder.linkToTargetMethod(java.lang.Object, java.lang.Object, java.lang.Object, java.lang.Object, java.lang.Object, java.lang.Object, java.lang.Object)'> (0x0000000707a14988) thrown at [./src/hotspot/share/interpreter/linkResolver.cpp, line 773]
Event: 5.008 Thread 0x0000027f95b9e800 Exception <a 'java/lang/IncompatibleClassChangeError'{0x0000000707a55288}: Found class java.lang.Object, but interface was expected> (0x0000000707a55288) thrown at [./src/hotspot/share/interpreter/linkResolver.cpp, line 839]
Event: 5.361 Thread 0x0000027f95b9e800 Exception <a 'java/lang/NoSuchMethodError'{0x000000070666a790}: 'void java.lang.invoke.DirectMethodHandle$Holder.invokeStaticInit(java.lang.Object, java.lang.Object, java.lang.Object)'> (0x000000070666a790) thrown at [./src/hotspot/share/interpreter/linkResolver.cpp, line 773]
Event: 5.363 Thread 0x0000027f95b9e800 Exception <a 'java/lang/NoSuchMethodError'{0x00000007066719e8}: 'void java.lang.invoke.DirectMethodHandle$Holder.invokeStaticInit(java.lang.Object, java.lang.Object, java.lang.Object, java.lang.Object)'> (0x00000007066719e8) thrown at [./src/hotspot/share/interpreter/linkResolver.cpp, line 773]

Events (20 events):
Event: 5.347 loading class org/codehaus/groovy/ast/FieldNode
Event: 5.347 loading class org/codehaus/groovy/ast/FieldNode done
Event: 5.347 loading class org/codehaus/groovy/ast/MethodNode
Event: 5.347 loading class org/codehaus/groovy/ast/MethodNode done
Event: 5.348 loading class org/codehaus/groovy/ast/ConstructorNode
Event: 5.348 loading class org/codehaus/groovy/ast/ConstructorNode done
Event: 5.348 loading class org/codehaus/groovy/ast/PackageNode
Event: 5.348 loading class org/codehaus/groovy/ast/PackageNode done
Event: 5.349 loading class org/codehaus/groovy/ast/expr/PropertyExpression
Event: 5.349 loading class org/codehaus/groovy/ast/expr/PropertyExpression done
Event: 5.350 loading class java/lang/IllegalCallerException
Event: 5.350 loading class java/lang/IllegalCallerException done
Event: 5.350 loading class org/codehaus/groovy/vmplugin/v8/PluginDefaultGroovyMethods
Event: 5.350 loading class org/codehaus/groovy/vmplugin/v8/PluginDefaultGroovyMethods done
Event: 5.352 loading class org/codehaus/groovy/runtime/DefaultGroovyMethodsSupport
Event: 5.352 loading class org/codehaus/groovy/runtime/DefaultGroovyMethodsSupport done
Event: 5.353 loading class jdk/internal/module/SystemModules$all
Event: 5.354 loading class jdk/internal/module/SystemModules$all done
Event: 5.360 loading class java/util/Spliterators$IteratorSpliterator
Event: 5.360 loading class java/util/Spliterators$IteratorSpliterator done


Dynamic libraries:
0x00007ff6d3fc0000 - 0x00007ff6d3fcd000 	C:\Program Files\Microsoft\jdk-11.0.16.101-hotspot\bin\java.exe
0x00007ffad7d60000 - 0x00007ffad7f69000 	C:\Windows\SYSTEM32\ntdll.dll
0x00007ffad73e0000 - 0x00007ffad749e000 	C:\Windows\System32\KERNEL32.DLL
0x00007ffad5390000 - 0x00007ffad5714000 	C:\Windows\System32\KERNELBASE.dll
0x00007ffad5930000 - 0x00007ffad5a41000 	C:\Windows\System32\ucrtbase.dll
0x00007ffac8970000 - 0x00007ffac8987000 	C:\Program Files\Microsoft\jdk-11.0.16.101-hotspot\bin\jli.dll
0x00007ffac85b0000 - 0x00007ffac85c5000 	C:\Program Files\Microsoft\jdk-11.0.16.101-hotspot\bin\VCRUNTIME140.dll
0x00007ffad7780000 - 0x00007ffad792d000 	C:\Windows\System32\USER32.dll
0x00007ffad52a0000 - 0x00007ffad52c6000 	C:\Windows\System32\win32u.dll
0x00007ffad6560000 - 0x00007ffad658a000 	C:\Windows\System32\GDI32.dll
0x00007ffad43e0000 - 0x00007ffad4685000 	C:\Windows\WinSxS\amd64_microsoft.windows.common-controls_6595b64144ccf1df_6.0.22000.120_none_9d947278b86cc467\COMCTL32.dll
0x00007ffad5720000 - 0x00007ffad583f000 	C:\Windows\System32\gdi32full.dll
0x00007ffad5200000 - 0x00007ffad529d000 	C:\Windows\System32\msvcp_win.dll
0x00007ffad5d10000 - 0x00007ffad5db3000 	C:\Windows\System32\msvcrt.dll
0x00007ffad73a0000 - 0x00007ffad73d1000 	C:\Windows\System32\IMM32.DLL
0x00007ffa810d0000 - 0x00007ffa8116b000 	C:\Program Files\Microsoft\jdk-11.0.16.101-hotspot\bin\msvcp140.dll
0x00007ffa7f2e0000 - 0x00007ffa7fe6a000 	C:\Program Files\Microsoft\jdk-11.0.16.101-hotspot\bin\server\jvm.dll
0x00007ffad6000000 - 0x00007ffad60af000 	C:\Windows\System32\ADVAPI32.dll
0x00007ffad74a0000 - 0x00007ffad753e000 	C:\Windows\System32\sechost.dll
0x00007ffad5ed0000 - 0x00007ffad5ff1000 	C:\Windows\System32\RPCRT4.dll
0x00007ffad6a00000 - 0x00007ffad6a08000 	C:\Windows\System32\PSAPI.DLL
0x00007ffac6280000 - 0x00007ffac6289000 	C:\Windows\SYSTEM32\WSOCK32.dll
0x00007ffac56e0000 - 0x00007ffac56ea000 	C:\Windows\SYSTEM32\VERSION.dll
0x00007ffacf420000 - 0x00007ffacf453000 	C:\Windows\SYSTEM32\WINMM.dll
0x00007ffad6430000 - 0x00007ffad649f000 	C:\Windows\System32\WS2_32.dll
0x00007ffad3c70000 - 0x00007ffad3c88000 	C:\Windows\SYSTEM32\kernel.appcore.dll
0x00007ffac9000000 - 0x00007ffac9010000 	C:\Program Files\Microsoft\jdk-11.0.16.101-hotspot\bin\verify.dll
0x00007ffad4b50000 - 0x00007ffad4d71000 	C:\Windows\SYSTEM32\DBGHELP.DLL
0x00007ffad4850000 - 0x00007ffad4881000 	C:\Windows\SYSTEM32\dbgcore.DLL
0x00007ffad58b0000 - 0x00007ffad592f000 	C:\Windows\System32\bcryptPrimitives.dll
0x00007ffac8580000 - 0x00007ffac85a8000 	C:\Program Files\Microsoft\jdk-11.0.16.101-hotspot\bin\java.dll
0x00007ffac8960000 - 0x00007ffac896a000 	C:\Program Files\Microsoft\jdk-11.0.16.101-hotspot\bin\jimage.dll
0x00007ffac8560000 - 0x00007ffac8578000 	C:\Program Files\Microsoft\jdk-11.0.16.101-hotspot\bin\zip.dll
0x00007ffad6b40000 - 0x00007ffad7305000 	C:\Windows\System32\SHELL32.dll
0x00007ffad2c60000 - 0x00007ffad34c4000 	C:\Windows\SYSTEM32\windows.storage.dll
0x00007ffad60b0000 - 0x00007ffad6426000 	C:\Windows\System32\combase.dll
0x00007ffad2af0000 - 0x00007ffad2c57000 	C:\Windows\SYSTEM32\wintypes.dll
0x00007ffad7620000 - 0x00007ffad770a000 	C:\Windows\System32\SHCORE.dll
0x00007ffad7540000 - 0x00007ffad759d000 	C:\Windows\System32\shlwapi.dll
0x00007ffad5130000 - 0x00007ffad5151000 	C:\Windows\SYSTEM32\profapi.dll
0x00007ffac8510000 - 0x00007ffac8529000 	C:\Program Files\Microsoft\jdk-11.0.16.101-hotspot\bin\net.dll
0x00007fface120000 - 0x00007fface233000 	C:\Windows\SYSTEM32\WINHTTP.dll
0x00007ffad4240000 - 0x00007ffad42a7000 	C:\Windows\system32\mswsock.dll
0x00007ffac84f0000 - 0x00007ffac8503000 	C:\Program Files\Microsoft\jdk-11.0.16.101-hotspot\bin\nio.dll
0x00007ffa84950000 - 0x00007ffa84977000 	C:\Users\Engr. Ayan Murad\.gradle\native\e1d6ef7f7dcc3fd88c89a11ec53ec762bb8ba0a96d01ffa2cd45eb1d1d8dd5c5\windows-amd64\native-platform.dll
0x00007ffa80f80000 - 0x00007ffa810c4000 	C:\Users\Engr. Ayan Murad\.gradle\native\5664cfc778a61ccfe75a443a1ab52a65af34e5dc3c78e0209fed803814484fcb\windows-amd64\native-platform-file-events.dll
0x00007ffac65a0000 - 0x00007ffac65a9000 	C:\Program Files\Microsoft\jdk-11.0.16.101-hotspot\bin\management.dll
0x00007ffac6590000 - 0x00007ffac659b000 	C:\Program Files\Microsoft\jdk-11.0.16.101-hotspot\bin\management_ext.dll
0x00007ffad4eb0000 - 0x00007ffad4ec8000 	C:\Windows\SYSTEM32\CRYPTSP.dll
0x00007ffad3bd0000 - 0x00007ffad3c05000 	C:\Windows\system32\rsaenh.dll
0x00007ffad4360000 - 0x00007ffad4389000 	C:\Windows\SYSTEM32\USERENV.dll
0x00007ffad4950000 - 0x00007ffad4977000 	C:\Windows\SYSTEM32\bcrypt.dll
0x00007ffad41f0000 - 0x00007ffad41fc000 	C:\Windows\SYSTEM32\CRYPTBASE.dll
0x00007ffad3790000 - 0x00007ffad37bd000 	C:\Windows\SYSTEM32\IPHLPAPI.DLL
0x00007ffad6550000 - 0x00007ffad6559000 	C:\Windows\System32\NSI.dll
0x00007ffacde80000 - 0x00007ffacde99000 	C:\Windows\SYSTEM32\dhcpcsvc6.DLL
0x00007ffacecd0000 - 0x00007ffacecee000 	C:\Windows\SYSTEM32\dhcpcsvc.DLL
0x00007ffad37c0000 - 0x00007ffad38a7000 	C:\Windows\SYSTEM32\DNSAPI.dll

dbghelp: loaded successfully - version: 4.0.5 - missing functions: none
symbol engine: initialized successfully - sym options: 0x614 - pdb path: .;C:\Program Files\Microsoft\jdk-11.0.16.101-hotspot\bin;C:\Windows\SYSTEM32;C:\Windows\WinSxS\amd64_microsoft.windows.common-controls_6595b64144ccf1df_6.0.22000.120_none_9d947278b86cc467;C:\Program Files\Microsoft\jdk-11.0.16.101-hotspot\bin\server;C:\Users\Engr. Ayan Murad\.gradle\native\e1d6ef7f7dcc3fd88c89a11ec53ec762bb8ba0a96d01ffa2cd45eb1d1d8dd5c5\windows-amd64;C:\Users\Engr. Ayan Murad\.gradle\native\5664cfc778a61ccfe75a443a1ab52a65af34e5dc3c78e0209fed803814484fcb\windows-amd64

VM Arguments:
jvm_args: -XX:MaxPermSize=2048m -XX:+HeapDumpOnOutOfMemoryError --add-opens=java.base/java.util=ALL-UNNAMED --add-opens=java.base/java.lang=ALL-UNNAMED --add-opens=java.base/java.lang.invoke=ALL-UNNAMED --add-opens=java.base/java.util=ALL-UNNAMED --add-opens=java.prefs/java.util.prefs=ALL-UNNAMED --add-opens=java.prefs/java.util.prefs=ALL-UNNAMED --add-opens=java.base/java.nio.charset=ALL-UNNAMED --add-opens=java.base/java.net=ALL-UNNAMED --add-opens=java.base/java.util.concurrent.atomic=ALL-UNNAMED -Xmx4g -Dfile.encoding=UTF-8 -Duser.country=US -Duser.language=en -Duser.variant 
java_command: org.gradle.launcher.daemon.bootstrap.GradleDaemon 7.3.3
java_class_path (initial): C:\Users\Engr. Ayan Murad\.gradle\wrapper\dists\gradle-7.3.3-all\4295vidhdd9hd3gbjyw1xqxpo\gradle-7.3.3\lib\gradle-launcher-7.3.3.jar
Launcher Type: SUN_STANDARD

[Global flags]
     intx CICompilerCount                          = 3                                         {product} {ergonomic}
     uint ConcGCThreads                            = 1                                         {product} {ergonomic}
     uint G1ConcRefinementThreads                  = 4                                         {product} {ergonomic}
   size_t G1HeapRegionSize                         = 1048576                                   {product} {ergonomic}
    uintx GCDrainStackTargetSize                   = 64                                        {product} {ergonomic}
     bool HeapDumpOnOutOfMemoryError               = true                                   {manageable} {command line}
   size_t InitialHeapSize                          = 132120576                                 {product} {ergonomic}
   size_t MarkStackSize                            = 4194304                                   {product} {ergonomic}
   size_t MaxHeapSize                              = 4294967296                                {product} {command line}
   size_t MaxNewSize                               = 2576351232                                {product} {ergonomic}
   size_t MinHeapDeltaBytes                        = 1048576                                   {product} {ergonomic}
    uintx NonNMethodCodeHeapSize                   = 5830732                                {pd product} {ergonomic}
    uintx NonProfiledCodeHeapSize                  = 122913754                              {pd product} {ergonomic}
    uintx ProfiledCodeHeapSize                     = 122913754                              {pd product} {ergonomic}
    uintx ReservedCodeCacheSize                    = 251658240                              {pd product} {ergonomic}
     bool SegmentedCodeCache                       = true                                      {product} {ergonomic}
     bool UseCompressedClassPointers               = true                                 {lp64_product} {ergonomic}
     bool UseCompressedOops                        = true                                 {lp64_product} {ergonomic}
     bool UseG1GC                                  = true                                      {product} {ergonomic}
     bool UseLargePagesIndividualAllocation        = false                                  {pd product} {ergonomic}

Logging:
Log output configuration:
 #0: stdout all=warning uptime,level,tags
 #1: stderr all=off uptime,level,tags

Environment Variables:
JAVA_HOME=C:\Program Files\Microsoft\jdk-11.0.16.101-hotspot\
CLASSPATH=E:\SC_projects\React-Native\Wareport\android\\gradle\wrapper\gradle-wrapper.jar
PATH=C:\Python311\Scripts\;C:\Python311\;C:\Program Files\Microsoft\jdk-11.0.16.101-hotspot\bin;C:\Windows\system32;C:\Windows;C:\Windows\System32\Wbem;C:\Windows\System32\WindowsPowerShell\v1.0\;C:\Windows\System32\OpenSSH\;C:\ProgramData\chocolatey\bin;C:\Users\Engr. Ayan Murad\AppData\Local\Android\Sdk\platform-tools;C:\Program Files\Git\cmd;C:\mongodb v1.7.0\bin;C:\Program Files\MongoDB\Server\6.0\bin;C:\Program Files\nodejs\;C:\Users\Engr. Ayan Murad\AppData\Local\Microsoft\WindowsApps;C:\Program Files\MongoDB\Server\6.0\bin;C:\Program Files\MongoDB\Server\6.0\bin\;C:\mongodb v1.7.0\bin;C:\Users\Engr. Ayan Murad\AppData\Roaming\npm;C:\Users\Engr. Ayan Murad\AppData\Local\Programs\Microsoft VS Code\bin
USERNAME=Engr. Ayan Murad
OS=Windows_NT
PROCESSOR_IDENTIFIER=Intel64 Family 6 Model 58 Stepping 9, GenuineIntel
TMP=C:\Users\ENGR~1.AYA\AppData\Local\Temp
TEMP=C:\Users\ENGR~1.AYA\AppData\Local\Temp



---------------  S Y S T E M  ---------------

OS: Windows 11 , 64 bit Build 22000 (10.0.22000.2003)
OS uptime: 0 days 0:08 hours

CPU:total 4 (initial active 4) (2 cores per cpu, 2 threads per core) family 6 model 58 stepping 9 microcode 0x21, cmov, cx8, fxsr, mmx, sse, sse2, sse3, ssse3, sse4.1, sse4.2, popcnt, avx, aes, clmul, erms, ht, tsc, tscinvbit, tscinv

Memory: 4k page, system-wide physical 8055M (4475M free)
TotalPageFile size 12151M (AvailPageFile size 8395M)
current process WorkingSet (physical memory assigned to process): 196M, peak: 216M
current process commit charge ("private bytes"): 297M, peak: 312M

vm_info: OpenJDK 64-Bit Server VM (11.0.16.1+1-LTS) for windows-amd64 JRE (11.0.16.1+1-LTS), built on Aug 20 2022 20:09:04 by "" with MS VC++ 15.9 (VS2017)

END.
